<?xml version="1.0" encoding="UTF-8"?>
<!-- Generated by org.testng.reporters.JUnitXMLReporter -->
<testsuite ignored="0" hostname="LAPTOP-FAREL36J" failures="6" tests="8" name="BankingApp Test" time="59.272" errors="0" timestamp="07 Apr 2022 11:46:10 GMT">
  <testcase classname="com.inetBankingV2.testCases.TC_Logintest_001" name="loginTest" time="2.716"/>
  <testcase classname="com.inetBankingV2.testCases.TC_LoginDDT_002" name="loginDDT" time="5.835">
    <failure type="java.lang.AssertionError">
      <![CDATA[java.lang.AssertionError
at org.junit.Assert.fail(Assert.java:86)
at org.junit.Assert.assertTrue(Assert.java:41)
at org.junit.Assert.assertTrue(Assert.java:52)
at com.inetBankingV2.testCases.TC_LoginDDT_002.loginDDT(TC_LoginDDT_002.java:29)
... Removed 25 stack frames]]>
    </failure>
  </testcase> <!-- loginDDT -->
  <testcase classname="com.inetBankingV2.testCases.TC_LoginDDT_002" name="loginDDT" time="10.692"/>
  <testcase classname="com.inetBankingV2.testCases.TC_LoginDDT_002" name="loginDDT" time="5.526">
    <failure type="java.lang.AssertionError">
      <![CDATA[java.lang.AssertionError
at org.junit.Assert.fail(Assert.java:86)
at org.junit.Assert.assertTrue(Assert.java:41)
at org.junit.Assert.assertTrue(Assert.java:52)
at com.inetBankingV2.testCases.TC_LoginDDT_002.loginDDT(TC_LoginDDT_002.java:29)
... Removed 25 stack frames]]>
    </failure>
  </testcase> <!-- loginDDT -->
  <testcase classname="com.inetBankingV2.testCases.TC_LoginDDT_002" name="loginDDT" time="5.825">
    <failure type="java.lang.AssertionError">
      <![CDATA[java.lang.AssertionError
at org.junit.Assert.fail(Assert.java:86)
at org.junit.Assert.assertTrue(Assert.java:41)
at org.junit.Assert.assertTrue(Assert.java:52)
at com.inetBankingV2.testCases.TC_LoginDDT_002.loginDDT(TC_LoginDDT_002.java:29)
... Removed 25 stack frames]]>
    </failure>
  </testcase> <!-- loginDDT -->
  <testcase classname="com.inetBankingV2.testCases.TC_LoginDDT_002" name="loginDDT" time="5.115">
    <failure type="java.lang.AssertionError">
      <![CDATA[java.lang.AssertionError
at org.junit.Assert.fail(Assert.java:86)
at org.junit.Assert.assertTrue(Assert.java:41)
at org.junit.Assert.assertTrue(Assert.java:52)
at com.inetBankingV2.testCases.TC_LoginDDT_002.loginDDT(TC_LoginDDT_002.java:29)
... Removed 25 stack frames]]>
    </failure>
  </testcase> <!-- loginDDT -->
  <testcase classname="com.inetBankingV2.testCases.TC_LoginDDT_002" name="loginDDT" time="5.865">
    <failure type="java.lang.AssertionError">
      <![CDATA[java.lang.AssertionError
at org.junit.Assert.fail(Assert.java:86)
at org.junit.Assert.assertTrue(Assert.java:41)
at org.junit.Assert.assertTrue(Assert.java:52)
at com.inetBankingV2.testCases.TC_LoginDDT_002.loginDDT(TC_LoginDDT_002.java:29)
... Removed 25 stack frames]]>
    </failure>
  </testcase> <!-- loginDDT -->
  <testcase classname="com.inetBankingV2.testCases.TC_LoginDDT_002" name="loginDDT" time="5.097">
    <failure type="java.lang.AssertionError">
      <![CDATA[java.lang.AssertionError
at org.junit.Assert.fail(Assert.java:86)
at org.junit.Assert.assertTrue(Assert.java:41)
at org.junit.Assert.assertTrue(Assert.java:52)
at com.inetBankingV2.testCases.TC_LoginDDT_002.loginDDT(TC_LoginDDT_002.java:29)
... Removed 25 stack frames]]>
    </failure>
  </testcase> <!-- loginDDT -->
</testsuite> <!-- BankingApp Test -->
