<?xml version="1.0" encoding="UTF-8"?>
<!-- Generated by org.testng.reporters.JUnitXMLReporter -->
<testsuite ignored="0" hostname="LAPTOP-FAREL36J" failures="1" tests="1" name="BankingApp Test(failed)" time="44.232" errors="0" timestamp="05 Apr 2022 12:22:40 GMT">
  <testcase classname="com.inetBankingV2.testCases.TC_AddNewCustomer_003" name="addNewCutomer" time="36.281">
    <failure type="java.lang.AssertionError">
      <![CDATA[java.lang.AssertionError
at org.junit.Assert.fail(Assert.java:86)
at org.junit.Assert.assertTrue(Assert.java:41)
at org.junit.Assert.assertTrue(Assert.java:52)
at com.inetBankingV2.testCases.TC_AddNewCustomer_003.addNewCutomer(TC_AddNewCustomer_003.java:48)
... Removed 25 stack frames]]>
    </failure>
  </testcase> <!-- addNewCutomer -->
</testsuite> <!-- BankingApp Test(failed) -->
